Log file open, 04/24/18 09:02:55
LogInit:Display: Running engine for game: Migration_IntCon
LogInit:Display: Project file not found: ../../../Migration_IntCon/Migration_IntCon.uproject
LogInit:Display: 	Attempting to find via project info helper.
LogUProjectInfo: Found projects:
LogPlatformFile: Not using cached read wrapper
LogInit:Display: RandInit(-1638174209) SRandInit(-1638174209).
LogTaskGraph: Started task graph with 5 named threads and 8 total threads with 1 sets of task threads.
LogStats: Stats thread started at 0.115449
LogInit: Using libcurl 7.47.1
LogInit:  - built for x86_64-pc-win32
LogInit:  - supports SSL with OpenSSL/1.0.2g
LogInit:  - supports HTTP deflate (compression) using libz 1.2.8
LogInit:  - other features:
LogInit:      CURL_VERSION_SSL
LogInit:      CURL_VERSION_LIBZ
LogInit:      CURL_VERSION_IPV6
LogInit:      CURL_VERSION_ASYNCHDNS
LogInit:      CURL_VERSION_LARGEFILE
LogInit:      CURL_VERSION_IDN
LogInit:  CurlRequestOptions (configurable via config and command line):
LogInit:  - bVerifyPeer = false  - Libcurl will NOT verify peer certificate
LogInit:  - bUseHttpProxy = false  - Libcurl will NOT use HTTP proxy
LogInit:  - bDontReuseConnections = false  - Libcurl will reuse connections
LogInit:  - CertBundlePath = nullptr  - Libcurl will use whatever was configured at build time.
LogHMD: Can't find Oculus library dev build: is proper Runtime installed? Version: 1.12.0
LogHMD: GearVR: Emulating GearVR using Oculus Rift!
LogInit: Build: ++UE4+Release-4.16-CL-3561208
LogInit: Engine Version: 4.16.3-3561208+++UE4+Release-4.16
LogInit: Compatible Engine Version: 4.16.0-3452394+++UE4+Release-4.16
LogInit: Net CL: 3452394
LogDevObjectVersion: Number of dev versions registered: 16
LogDevObjectVersion:   Dev-Blueprints (B0D832E4-1F89-4F0D-ACCF-7EB736FD4AA2): 9
LogDevObjectVersion:   Dev-Build (E1C64328-A22C-4D53-A36C-8E866417BD8C): 0
LogDevObjectVersion:   Dev-Core (375EC13C-06E4-48FB-B500-84F0262A717E): 2
LogDevObjectVersion:   Dev-Editor (E4B068ED-F494-42E9-A231-DA0B2E46BB41): 17
LogDevObjectVersion:   Dev-Framework (CFFC743F-43B0-4480-9391-14DF171D2073): 23
LogDevObjectVersion:   Dev-Mobile (B02B49B5-BB20-44E9-A304-32B752E40360): 0
LogDevObjectVersion:   Dev-Networking (A4E4105C-59A1-49B5-A7C5-40C4547EDFEE): 0
LogDevObjectVersion:   Dev-Online (39C831C9-5AE6-47DC-9A44-9C173E1C8E7C): 0
LogDevObjectVersion:   Dev-Physics (78F01B33-EBEA-4F98-B9B4-84EACCB95AA2): 0
LogDevObjectVersion:   Dev-Platform (6631380F-2D4D-43E0-8009-CF276956A95A): 0
LogDevObjectVersion:   Dev-Rendering (12F88B9F-8875-4AFC-A67C-D90C383ABD29): 15
LogDevObjectVersion:   Dev-Sequencer (7B5AE74C-D270-4C10-A958-57980B212A5A): 4
LogDevObjectVersion:   Dev-VR (D7296918-1DD6-4BDD-9DE2-64A83CC13884): 0
LogDevObjectVersion:   Dev-LoadTimes (C2A15278-BFE7-4AFE-6C17-90FF531DF755): 1
LogDevObjectVersion:   Private-Geometry (6EACA3D4-40EC-4CC1-B786-8BED09428FC5): 1
LogDevObjectVersion:   Dev-AnimPhys (29E575DD-E0A3-4627-9D10-D276232CDCEA): 3
LogInit: Compiled (64-bit): Jul 28 2017 11:52:15
LogInit: Compiled with Visual C++: 19.00.24215.01
LogInit: Build Configuration: Development
LogInit: Branch Name: ++UE4+Release-4.16
LogInit: Command line:  
LogInit: Base directory: C:/Users/R201702346/Documents/CONNOR FILES/INTCON FINAL/WindowsNoEditor/Engine/Binaries/Win64/
LogInit: Installed Engine Build: 0
LogInit: Presizing for max 2097152 objects, including 0 objects not considered by GC, pre-allocating 0 bytes for permanent pool.
LogStreaming:Display: Async Loading initialized: Event Driven Loader: true, Async Loading Thread: false
LogInit: Object subsystem initialized
[2018.04.23-23.02.55:425][  0]LogInit: Selected Device Profile: [WindowsNoEditor]
[2018.04.23-23.02.55:425][  0]LogInit: Applying CVar settings loaded from the selected device profile: [WindowsNoEditor]
[2018.04.23-23.02.55:431][  0]LogInit: Computer: 9Q5PF42
[2018.04.23-23.02.55:431][  0]LogInit: User: R201702346
[2018.04.23-23.02.55:431][  0]LogInit: CPU Page size=4096, Cores=4
[2018.04.23-23.02.55:431][  0]LogInit: High frequency timer resolution =3.515637 MHz
[2018.04.23-23.02.55:431][  0]LogMemory: Memory total: Physical=15.9GB (16GB approx)
[2018.04.23-23.02.55:431][  0]LogMemory: Platform Memory Stats for WindowsNoEditor
[2018.04.23-23.02.55:431][  0]LogMemory: Process Physical Memory: 91.83 MB used, 91.83 MB peak
[2018.04.23-23.02.55:431][  0]LogMemory: Process Virtual Memory: 102.68 MB used, 102.68 MB peak
[2018.04.23-23.02.55:431][  0]LogMemory: Physical Memory: 6582.17 MB used,  9716.71 MB free, 16298.88 MB total
[2018.04.23-23.02.55:431][  0]LogMemory: Virtual Memory: 360.82 MB used,  9716.71 MB free, 134217728.00 MB total
[2018.04.23-23.02.55:507][  0]LogInit: Using OS detected language (en-US).
[2018.04.23-23.02.55:507][  0]LogInit: Using OS detected locale (en-AU).
[2018.04.23-23.02.55:507][  0]LogTextLocalizationManager: No specific localization for 'en-US' exists, so the 'en' localization will be used.
[2018.04.23-23.02.55:563][  0]LogD3D11RHI: D3D11 adapters:
[2018.04.23-23.02.55:608][  0]LogD3D11RHI:    0. 'AMD Radeon(TM) R9 270' (Feature Level 11_0)
[2018.04.23-23.02.55:608][  0]LogD3D11RHI:       2029/0/8149 MB DedicatedVideo/DedicatedSystem/SharedSystem, Outputs:1, VendorId:0x1002
[2018.04.23-23.02.55:616][  0]LogD3D11RHI:    1. 'Intel(R) HD Graphics 4600' (Feature Level 11_0)
[2018.04.23-23.02.55:616][  0]LogD3D11RHI:       112/0/2048 MB DedicatedVideo/DedicatedSystem/SharedSystem, Outputs:0, VendorId:0x8086
[2018.04.23-23.02.55:618][  0]LogD3D11RHI:    2. 'Microsoft Basic Render Driver' (Feature Level 11_0)
[2018.04.23-23.02.55:618][  0]LogD3D11RHI:       0/0/8149 MB DedicatedVideo/DedicatedSystem/SharedSystem, Outputs:0, VendorId:0x1414
[2018.04.23-23.02.55:618][  0]LogD3D11RHI: Chosen D3D11 Adapter: 0
[2018.04.23-23.02.55:624][  0]LogD3D11RHI: Creating new Direct3DDevice
[2018.04.23-23.02.55:624][  0]LogD3D11RHI:     GPU DeviceId: 0x6811 (for the marketing name, search the web for "GPU Device Id")
[2018.04.23-23.02.55:624][  0]LogWindows: EnumDisplayDevices:
[2018.04.23-23.02.55:624][  0]LogWindows:    0. 'AMD Radeon(TM) R9 270' (P:1 D:1)
[2018.04.23-23.02.55:624][  0]LogWindows:    1. 'AMD Radeon(TM) R9 270' (P:0 D:0)
[2018.04.23-23.02.55:625][  0]LogWindows:    2. 'AMD Radeon(TM) R9 270' (P:0 D:0)
[2018.04.23-23.02.55:625][  0]LogWindows:    3. 'AMD Radeon(TM) R9 270' (P:0 D:0)
[2018.04.23-23.02.55:625][  0]LogWindows:    4. 'AMD Radeon(TM) R9 270' (P:0 D:0)
[2018.04.23-23.02.55:625][  0]LogWindows:    5. 'AMD Radeon(TM) R9 270' (P:0 D:0)
[2018.04.23-23.02.55:625][  0]LogWindows:    6. 'Intel(R) HD Graphics 4600' (P:0 D:0)
[2018.04.23-23.02.55:625][  0]LogWindows:    7. 'Intel(R) HD Graphics 4600' (P:0 D:0)
[2018.04.23-23.02.55:625][  0]LogWindows:    8. 'Intel(R) HD Graphics 4600' (P:0 D:0)
[2018.04.23-23.02.55:625][  0]LogWindows: DebugString: GetVideoDriverDetailsInvalid PrimaryIsNotTheChoosenAdapter GetVideoDriverDetailsInvalid PrimaryIsNotTheChoosenAdapter GetVideoDriverDetailsInvalid PrimaryIsNotTheChoosenAdapter GetVideoDriverDetailsInvalid PrimaryIsNotTheChoosenAdapter GetVideoDriverDetailsInvalid PrimaryIsNotTheChoosenAdapter GetVideoDriverDetailsInvalid PrimaryIsNotTheChoosenAdapter GetVideoDriverDetailsInvalid PrimaryIsNotTheChoosenAdapter GetVideoDriverDetailsInvalid PrimaryIsNotTheChoosenAdapter GetVideoDriverDetailsInvalid PrimaryIsNotTheChoosenAdapter FoundDriverCount:0 
[2018.04.23-23.02.55:625][  0]LogD3D11RHI:     Adapter Name: AMD Radeon(TM) R9 270
[2018.04.23-23.02.55:625][  0]LogD3D11RHI:   Driver Version: Unknown (internal:Unknown, unified:Unknown)
[2018.04.23-23.02.55:625][  0]LogD3D11RHI:      Driver Date: Unknown
[2018.04.23-23.02.55:625][  0]LogRHI: Texture pool is 1361 MB (70% of 1945 MB)
[2018.04.23-23.02.55:700][  0]LogD3D11RHI: Async texture creation enabled
[2018.04.23-23.02.55:713][  0]LogD3D11RHI: GPU Timing Frequency: 27.000000 (Debug: 2 1)
[2018.04.23-23.02.55:721][  0]LogMaterial: Verifying Global Shaders for PCD3D_SM5
[2018.04.23-23.02.55:722][  0]LogSlate: Using Freetype 2.6.0
[2018.04.23-23.02.55:722][  0]LogSlate: SlateFontCache - WITH_FREETYPE: 1, WITH_HARFBUZZ: 1
[2018.04.23-23.02.55:722][  0]LogSlate: SlateFontCache - WITH_FREETYPE: 1, WITH_HARFBUZZ: 1
[2018.04.23-23.02.55:764][  0]LogAssetRegistry: FAssetRegistry took 0.0088 seconds to start up
[2018.04.23-23.02.55:918][  0]LogPackageLocalizationCache: Processed 4 localized package path(s) for 2 prioritized culture(s) in 0.005192 seconds
[2018.04.23-23.02.55:918][  0]LogPakFile: New pak file ../../../Migration_IntCon/Content/Paks/Migration_IntCon-WindowsNoEditor.pak added to pak precacher.
[2018.04.23-23.02.55:919][  0]LogInit: Selected Device Profile: [WindowsNoEditor]
[2018.04.23-23.02.55:927][  0]LogContentStreaming: Texture pool size is 1000.00 MB
[2018.04.23-23.02.55:961][  0]LogNetVersion: Migration_IntCon , NetCL: 3452394, EngineNetVer: 2, GameNetVer: 0 (Checksum: 3152170015)
[2018.04.23-23.02.56:004][  0]LogInit: WinSock: version 1.1 (2.2), MaxSocks=32767, MaxUdp=65467
[2018.04.23-23.02.56:027][  0]LogMoviePlayer: Initializing movie player
[2018.04.23-23.02.56:113][  0]LogAndroidPermission: UAndroidPermissionCallbackProxy::GetInstance
[2018.04.23-23.02.56:121][  0]LogUObjectArray: 29858 objects as part of root set at end of initial load.
[2018.04.23-23.02.56:121][  0]LogUObjectAllocator: 5964784 out of 0 bytes used by permanent object pool.
[2018.04.23-23.02.56:121][  0]LogUObjectArray: CloseDisregardForGC: 0/0 objects in disregard for GC pool
[2018.04.23-23.02.56:142][  0]LogEngine: Initializing Engine...
[2018.04.23-23.02.56:142][  0]LogHMD: Failed to initialize OpenVR with code 110
[2018.04.23-23.02.56:143][  0]LogHMD: GearVR starting with CPU: 2 GPU: 3 MinimumVsyncs: 1
[2018.04.23-23.02.57:703][  0]LogStreaming:Error: Couldn't find file for package /Script/Engine requested by async loading code. NameToLoad: /Script/Engine
[2018.04.23-23.02.57:767][  0]LogStats: UGameplayTagsManager::ConstructGameplayTagTree: Construct from data asset -  0.000 s
[2018.04.23-23.02.57:767][  0]LogStats: UGameplayTagsManager::ConstructGameplayTagTree: GameplayTagTreeChangedEvent.Broadcast -  0.000 s
[2018.04.23-23.02.57:799][  0]LogInit: XAudio2 using 'Realtek Digital Output (Realtek Audio)' : 2 channels at 48 kHz using 16 bits per sample (channel mask 0x3)
[2018.04.23-23.02.57:827][  0]LogInit: FAudioDevice initialized.
[2018.04.23-23.02.57:848][  0]LogInit: Texture streaming: Enabled
[2018.04.23-23.02.57:852][  0]LogInit:Display: Game Engine Initialized.
[2018.04.23-23.02.57:852][  0]LogInit:Display: Starting Game.
[2018.04.23-23.02.57:852][  0]LogNet: Browse: /Game/Maps/Menu_IntCon?Name=Player
[2018.04.23-23.02.57:853][  0]LogLoad: LoadMap: /Game/Maps/Menu_IntCon?Name=Player
[2018.04.23-23.02.57:867][  0]LogMemory: Platform Memory Stats for WindowsNoEditor
[2018.04.23-23.02.57:867][  0]LogMemory: Process Physical Memory: 192.03 MB used, 290.66 MB peak
[2018.04.23-23.02.57:867][  0]LogMemory: Process Virtual Memory: 308.41 MB used, 358.79 MB peak
[2018.04.23-23.02.57:867][  0]LogMemory: Physical Memory: 6728.29 MB used,  9570.59 MB free, 16298.88 MB total
[2018.04.23-23.02.57:867][  0]LogMemory: Virtual Memory: 751.21 MB used,  9570.59 MB free, 134217728.00 MB total
[2018.04.23-23.02.57:867][  0]LogMemory: 
[2018.04.23-23.02.57:867][  0]Allocator Stats for binned2: (not implemented)
[2018.04.23-23.02.57:870][  0]LogAIModule: Creating AISystem for world Menu_IntCon
[2018.04.23-23.02.57:870][  0]LogLoad: Game class is 'GameModeBase'
[2018.04.23-23.02.57:871][  0]LogWorld: Bringing World /Game/Maps/Menu_IntCon.Menu_IntCon up for play (max tick rate 0) at 2018.04.24-09.02.57
[2018.04.23-23.02.57:871][  0]LogWorld: Bringing up level for play took: 0.000352
[2018.04.23-23.02.57:872][  0]LogGameMode: FindPlayerStart: PATHS NOT DEFINED or NO PLAYERSTART with positive rating
[2018.04.23-23.02.57:873][  0]LogUMG:Display: Widget Class Wid_MainMenu_C - Loaded Fast Template.
[2018.04.23-23.02.57:874][  0]LogLoad: Took 0.021828 seconds to LoadMap(/Game/Maps/Menu_IntCon)
[2018.04.23-23.02.57:875][  0]LogSlate: Took 0.000155 seconds to synchronously load lazily loaded font '../../../Engine/Content/EngineFonts/Faces/RobotoBold.ufont' (160K)
[2018.04.23-23.02.57:920][  0]LogLoad: (Engine Initialization) Total time: 2.90 seconds
[2018.04.23-23.02.57:920][  0]LogExternalProfiler: Found external profiler: VSPerf
[2018.04.23-23.02.57:920][  0]LogExternalProfiler: Using external profiler: VSPerf
[2018.04.23-23.02.57:937][  0]LogOcInput: OculusInput pre-init called
[2018.04.23-23.02.57:938][  0]LogOcInput: Can't find Oculus library dev build: is proper Runtime installed? Version: 1.12.0
[2018.04.23-23.02.57:938][  0]LogHMD: Starting GearVRController plugin
[2018.04.23-23.02.57:970][  2]LogRenderer: Reallocating scene render targets to support 1920x1080 NumSamples 1 (Frame:1).
[2018.04.23-23.02.58:977][ 58]LogNet: Browse: /Game/IntConUpdate/Maps/Map_IntCon
[2018.04.23-23.02.58:977][ 58]LogLoad: LoadMap: /Game/IntConUpdate/Maps/Map_IntCon
[2018.04.23-23.02.58:986][ 58]LogMemory: Platform Memory Stats for WindowsNoEditor
[2018.04.23-23.02.58:986][ 58]LogMemory: Process Physical Memory: 212.94 MB used, 290.66 MB peak
[2018.04.23-23.02.58:986][ 58]LogMemory: Process Virtual Memory: 576.50 MB used, 579.06 MB peak
[2018.04.23-23.02.58:986][ 58]LogMemory: Physical Memory: 6748.70 MB used,  9550.18 MB free, 16298.88 MB total
[2018.04.23-23.02.58:986][ 58]LogMemory: Virtual Memory: 1071.02 MB used,  9550.18 MB free, 134217728.00 MB total
[2018.04.23-23.02.58:986][ 58]LogMemory: 
[2018.04.23-23.02.58:986][ 58]Allocator Stats for binned2: (not implemented)
[2018.04.23-23.02.59:017][ 58]LogAIModule: Creating AISystem for world Map_IntCon
[2018.04.23-23.02.59:017][ 58]LogLoad: Game class is 'GM_IntCon_C'
[2018.04.23-23.02.59:019][ 58]LogWorld: Bringing World /Game/IntConUpdate/Maps/Map_IntCon.Map_IntCon up for play (max tick rate 0) at 2018.04.24-09.02.59
[2018.04.23-23.02.59:019][ 58]LogWorld: Bringing up level for play took: 0.001082
[2018.04.23-23.02.59:021][ 58]LogLoad: Took 0.043907 seconds to LoadMap(/Game/IntConUpdate/Maps/Map_IntCon)
[2018.04.23-23.02.59:620][ 96]LogUMG:Display: Widget Class Wid_ScoreBoard_C - Loaded Fast Template.
[2018.04.23-23.02.59:621][ 96]LogBlueprintUserMessages:Warning: Time Dilation must be between 0.000100 and 20.000000.  Clamped value to that range.
[2018.04.23-23.02.59:622][ 96]LogSlate: Took 0.000159 seconds to synchronously load lazily loaded font '../../../Engine/Content/Slate/Fonts/Roboto-Regular.ttf' (155K)
[2018.04.23-23.02.59:623][ 96]LogUMG:Display: Widget Class Wid_PlayerHUD_C - Loaded Fast Template.
[2018.04.23-23.03.02:539][277]LogBlueprintUserMessages: [Wid_ScoreBoard_C_0] EditableTextBox_0
[2018.04.23-23.03.02:540][277]LogSlate: Took 0.000206 seconds to synchronously load lazily loaded font '../../../Engine/Content/EngineFonts/Faces/RobotoRegular.ufont' (155K)
[2018.04.23-23.03.09:556][712]LogBlueprintUserMessages: [Wid_ScoreBoard_C_0] EditableTextBox_0
[2018.04.23-23.03.11:750][848]LogScript:Warning: Accessed None trying to read property VehicleStopped
	BP_TrafficLight_C /Game/IntConUpdate/Maps/Map_IntCon.Map_IntCon:PersistentLevel.BP_TrafficLight2_457
	Function /Game/Blueprints/BP_TrafficLight.BP_TrafficLight_C:ExecuteUbergraph_BP_TrafficLight:0036
[2018.04.23-23.03.11:750][848]LogScript:Warning: Script call stack:
	Function /Game/Blueprints/BP_TrafficLight.BP_TrafficLight_C:BndEvt__Cube_K2Node_ComponentBoundEvent_0_ComponentOnInputTouchBeginSignature__DelegateSignature
	Function /Game/Blueprints/BP_TrafficLight.BP_TrafficLight_C:ExecuteUbergraph_BP_TrafficLight

[2018.04.23-23.03.11:750][848]LogScript:Warning: Attempted to assign to None
	BP_TrafficLight_C /Game/IntConUpdate/Maps/Map_IntCon.Map_IntCon:PersistentLevel.BP_TrafficLight2_457
	Function /Game/Blueprints/BP_TrafficLight.BP_TrafficLight_C:ExecuteUbergraph_BP_TrafficLight:004B
[2018.04.23-23.03.11:750][848]LogScript:Warning: Script call stack:
	Function /Game/Blueprints/BP_TrafficLight.BP_TrafficLight_C:BndEvt__Cube_K2Node_ComponentBoundEvent_0_ComponentOnInputTouchBeginSignature__DelegateSignature
	Function /Game/Blueprints/BP_TrafficLight.BP_TrafficLight_C:ExecuteUbergraph_BP_TrafficLight

[2018.04.23-23.03.11:750][848]LogBlueprintUserMessages: [BP_TrafficLight2_457] On
[2018.04.23-23.03.11:912][858]LogBlueprintUserMessages:Warning: Time Dilation must be between 0.000100 and 20.000000.  Clamped value to that range.
[2018.04.23-23.03.12:509][895]LogBlueprintUserMessages:Warning: Time Dilation must be between 0.000100 and 20.000000.  Clamped value to that range.
[2018.04.23-23.03.13:041][928]LogBlueprintUserMessages:Warning: Time Dilation must be between 0.000100 and 20.000000.  Clamped value to that range.
[2018.04.23-23.03.13:588][962]LogUMG:Display: Widget Class Wid_PauseMenu_C - Loaded Fast Template.
[2018.04.23-23.03.13:589][962]LogBlueprintUserMessages:Warning: Time Dilation must be between 0.000100 and 20.000000.  Clamped value to that range.
[2018.04.23-23.03.14:814][ 38]Closing by request
[2018.04.23-23.03.14:814][ 38]LogWindows: FPlatformMisc::RequestExit(0)
[2018.04.23-23.03.15:699][ 39]LogSlate: Request Window 'Migration_IntCon (64-bit, PCD3D_SM5)' being destroyed
[2018.04.23-23.03.15:746][ 39]LogSlate: Window 'Migration_IntCon (64-bit, PCD3D_SM5)' being destroyed
[2018.04.23-23.03.15:751][ 39]LogWindowsTextInputMethodSystem:Display: IME system now deactivated.
[2018.04.23-23.03.15:775][ 39]LogExit: Preparing to exit.
[2018.04.23-23.03.15:775][ 39]LogMoviePlayer: Shutting down movie player
[2018.04.23-23.03.16:138][ 39]LogExit: Game engine shut down
[2018.04.23-23.03.16:271][ 39]LogObj: Freed 32b from 1 cluster array pools.
[2018.04.23-23.03.16:271][ 39]LogExit: Object subsystem successfully closed.
[2018.04.23-23.03.16:281][ 39]LogD3D11RHI: Shutdown
[2018.04.23-23.03.16:281][ 39]LogD3D11RHI: CleanupD3DDevice
[2018.04.23-23.03.16:314][ 39]LogD3D11RHI: ~FD3D11DynamicRHI
[2018.04.23-23.03.16:314][ 39]LogModuleManager: Shutting down and abandoning module AutomationController (156)
[2018.04.23-23.03.16:314][ 39]LogModuleManager: Shutting down and abandoning module AutomationWorker (154)
[2018.04.23-23.03.16:314][ 39]LogModuleManager: Shutting down and abandoning module AIModule (152)
[2018.04.23-23.03.16:314][ 39]LogModuleManager: Shutting down and abandoning module GameplayDebugger (151)
[2018.04.23-23.03.16:314][ 39]LogModuleManager: Shutting down and abandoning module WmfMediaFactory (148)
[2018.04.23-23.03.16:314][ 39]LogModuleManager: Shutting down and abandoning module AvfMediaFactory (146)
[2018.04.23-23.03.16:314][ 39]LogModuleManager: Shutting down and abandoning module AndroidMediaFactory (144)
[2018.04.23-23.03.16:314][ 39]LogModuleManager: Shutting down and abandoning module Media (143)
[2018.04.23-23.03.16:314][ 39]LogModuleManager: Shutting down and abandoning module CharacterAI (140)
[2018.04.23-23.03.16:314][ 39]LogModuleManager: Shutting down and abandoning module SessionServices (138)
[2018.04.23-23.03.16:314][ 39]LogModuleManager: Shutting down and abandoning module MovieSceneTracks (136)
[2018.04.23-23.03.16:314][ 39]LogModuleManager: Shutting down and abandoning module MovieScene (134)
[2018.04.23-23.03.16:314][ 39]LogModuleManager: Shutting down and abandoning module GeometryCache (132)
[2018.04.23-23.03.16:314][ 39]LogModuleManager: Shutting down and abandoning module Niagara (130)
[2018.04.23-23.03.16:314][ 39]LogModuleManager: Shutting down and abandoning module StreamingPauseRendering (128)
[2018.04.23-23.03.16:314][ 39]LogModuleManager: Shutting down and abandoning module AnalyticsET (126)
[2018.04.23-23.03.16:314][ 39]LogModuleManager: Shutting down and abandoning module ProfilerService (124)
[2018.04.23-23.03.16:408][ 39]LogModuleManager: Shutting down and abandoning module TaskGraph (122)
[2018.04.23-23.03.16:408][ 39]LogModuleManager: Shutting down and abandoning module HTML5Networking (118)
[2018.04.23-23.03.16:408][ 39]LogModuleManager: Shutting down and abandoning module SteamVRController (116)
[2018.04.23-23.03.16:408][ 39]LogModuleManager: Shutting down and abandoning module SteamVR (114)
[2018.04.23-23.03.16:408][ 39]LogModuleManager: Shutting down and abandoning module ProceduralMeshComponent (112)
[2018.04.23-23.03.16:408][ 39]LogModuleManager: Shutting down and abandoning module OculusLibrary (110)
[2018.04.23-23.03.16:408][ 39]LogModuleManager: Shutting down and abandoning module OculusInput (108)
[2018.04.23-23.03.16:408][ 39]LogModuleManager: Shutting down and abandoning module MobilePatchingUtils (106)
[2018.04.23-23.03.16:408][ 39]LogModuleManager: Shutting down and abandoning module CustomMeshComponent (104)
[2018.04.23-23.03.16:408][ 39]LogModuleManager: Shutting down and abandoning module CableComponent (102)
[2018.04.23-23.03.16:408][ 39]LogModuleManager: Shutting down and abandoning module ArchVisCharacter (100)
[2018.04.23-23.03.16:408][ 39]LogModuleManager: Shutting down and abandoning module AndroidPermission (98)
[2018.04.23-23.03.16:408][ 39]LogModuleManager: Shutting down and abandoning module UdpMessaging (96)
[2018.04.23-23.03.16:408][ 39]LogModuleManager: Shutting down and abandoning module TcpMessaging (94)
[2018.04.23-23.03.16:408][ 39]LogModuleManager: Shutting down and abandoning module FacialAnimation (92)
[2018.04.23-23.03.16:409][ 39]LogModuleManager: Shutting down and abandoning module LightPropagationVolumeRuntime (90)
[2018.04.23-23.03.16:409][ 39]LogModuleManager: Shutting down and abandoning module PhysXVehicles (88)
[2018.04.23-23.03.16:409][ 39]LogModuleManager: Shutting down and abandoning module LocationServicesBPLibrary (86)
[2018.04.23-23.03.16:409][ 39]LogModuleManager: Shutting down and abandoning module ImmediatePhysics (84)
[2018.04.23-23.03.16:409][ 39]LogModuleManager: Shutting down and abandoning module Paper2D (82)
[2018.04.23-23.03.16:409][ 39]LogModuleManager: Shutting down and abandoning module WmfMedia (80)
[2018.04.23-23.03.16:409][ 39]LogModuleManager: Shutting down and abandoning module WindowsMoviePlayer (78)
[2018.04.23-23.03.16:409][ 39]LogModuleManager: Shutting down and abandoning module ClothingSystemRuntime (76)
[2018.04.23-23.03.16:409][ 39]LogModuleManager: Shutting down and abandoning module MediaAssets (74)
[2018.04.23-23.03.16:409][ 39]LogModuleManager: Shutting down and abandoning module GameLiveStreaming (72)
[2018.04.23-23.03.16:409][ 39]LogModuleManager: Shutting down and abandoning module UMG (70)
[2018.04.23-23.03.16:409][ 39]LogModuleManager: Shutting down and abandoning module SlateReflector (68)
[2018.04.23-23.03.16:409][ 39]LogModuleManager: Shutting down and abandoning module Slate (66)
[2018.04.23-23.03.16:409][ 39]LogModuleManager: Shutting down and abandoning module Messaging (64)
[2018.04.23-23.03.16:409][ 39]LogModuleManager: Shutting down and abandoning module HeadMountedDisplay (62)
[2018.04.23-23.03.16:409][ 39]LogModuleManager: Shutting down and abandoning module XAudio2 (60)
[2018.04.23-23.03.16:409][ 39]LogModuleManager: Shutting down and abandoning module Networking (58)
[2018.04.23-23.03.16:409][ 39]LogModuleManager: Shutting down and abandoning module Core (54)
[2018.04.23-23.03.16:409][ 39]LogModuleManager: Shutting down and abandoning module LevelSequence (52)
[2018.04.23-23.03.16:409][ 39]LogModuleManager: Shutting down and abandoning module AssetRegistry (50)
[2018.04.23-23.03.16:410][ 39]LogModuleManager: Shutting down and abandoning module ImageWrapper (48)
[2018.04.23-23.03.16:410][ 39]LogModuleManager: Shutting down and abandoning module InputCore (46)
[2018.04.23-23.03.16:410][ 39]LogModuleManager: Shutting down and abandoning module OnlineSubsystem (42)
[2018.04.23-23.03.16:410][ 39]LogOnline:Display: Unloading online subsystem: NULL
[2018.04.23-23.03.16:410][ 39]LogModuleManager: Shutting down and abandoning module HTTP (41)
[2018.04.23-23.03.16:410][ 39]LogHttp:Display: Http module shutting down, but needs to wait on 1 outstanding Http requests:
[2018.04.23-23.03.16:410][ 39]LogHttp:Display: 	verb=[POST] url=[https://datarouter.ol.epicgames.com/datarouter/api/v1/public/data?SessionID=%7B5EB8ACE8-4139-1FE2-BF58-B3AB775C9EC6%7D&AppID=UEGame.Rocket.Release%7CB33F4E7E4B7678020A01D9BB0E06B021%7CUE4Game&AppVersion=4.16.3-3561208%2B%2B%2BUE4%2BRelease-4.16&UserID=ANON-%7B47A22A0B-490C-44C2-D078-109B8FC6AFDC%7D%7C%7C&AppEnvironment=datacollector-binary&UploadType=eteventstream] status=Processing
[2018.04.23-23.03.16:410][ 39]LogHttp:Display: Sleeping 0.5s to wait for 1 outstanding Http requests.
[2018.04.23-23.03.16:942][ 39]LogModuleManager: Shutting down and abandoning module SSL (40)
[2018.04.23-23.03.16:942][ 39]LogModuleManager: Shutting down and abandoning module HTTPChunkInstaller (36)
[2018.04.23-23.03.16:942][ 39]LogModuleManager: Shutting down and abandoning module OculusRift (34)
[2018.04.23-23.03.16:942][ 39]LogModuleManager: Shutting down and abandoning module ExampleDeviceProfileSelector (32)
[2018.04.23-23.03.16:942][ 39]LogModuleManager: Shutting down and abandoning module GearVRController (30)
[2018.04.23-23.03.16:942][ 39]LogModuleManager: Shutting down and abandoning module GearVR (28)
[2018.04.23-23.03.16:942][ 39]LogModuleManager: Shutting down and abandoning module ShaderCore (26)
[2018.04.23-23.03.16:942][ 39]LogModuleManager: Shutting down and abandoning module Landscape (24)
[2018.04.23-23.03.16:942][ 39]LogModuleManager: Shutting down and abandoning module SlateRHIRenderer (22)
[2018.04.23-23.03.16:943][ 39]LogModuleManager: Shutting down and abandoning module OpenGLDrv (20)
[2018.04.23-23.03.16:943][ 39]LogModuleManager: Shutting down and abandoning module D3D11RHI (18)
[2018.04.23-23.03.16:943][ 39]LogModuleManager: Shutting down and abandoning module AnimGraphRuntime (16)
[2018.04.23-23.03.16:943][ 39]LogModuleManager: Shutting down and abandoning module Renderer (14)
[2018.04.23-23.03.16:943][ 39]LogModuleManager: Shutting down and abandoning module Engine (12)
[2018.04.23-23.03.16:943][ 39]LogModuleManager: Shutting down and abandoning module CoreUObject (10)
[2018.04.23-23.03.16:943][ 39]LogModuleManager: Shutting down and abandoning module NetworkFile (8)
[2018.04.23-23.03.16:943][ 39]LogModuleManager: Shutting down and abandoning module StreamingFile (6)
[2018.04.23-23.03.16:943][ 39]LogModuleManager: Shutting down and abandoning module SandboxFile (4)
[2018.04.23-23.03.16:943][ 39]LogModuleManager: Shutting down and abandoning module PakFile (2)
[2018.04.23-23.03.16:944][ 39]LogSlate: HittestGrid destroyed
[2018.04.23-23.03.16:944][ 39]LogSlate: HittestGrid destroyed
[2018.04.23-23.03.16:944][ 39]LogExit: Exiting.
[2018.04.23-23.03.16:945][ 39]Log file closed, 04/24/18 09:03:16
