Log file open, 04/24/18 09:03:21
LogInit:Display: Running engine for game: Migration_IntCon
LogInit:Display: Project file not found: ../../../Migration_IntCon/Migration_IntCon.uproject
LogInit:Display: 	Attempting to find via project info helper.
LogUProjectInfo: Found projects:
LogPlatformFile: Not using cached read wrapper
LogInit:Display: RandInit(-1547128175) SRandInit(-1547128175).
LogTaskGraph: Started task graph with 5 named threads and 8 total threads with 1 sets of task threads.
LogStats: Stats thread started at 0.080515
LogInit: Using libcurl 7.47.1
LogInit:  - built for x86_64-pc-win32
LogInit:  - supports SSL with OpenSSL/1.0.2g
LogInit:  - supports HTTP deflate (compression) using libz 1.2.8
LogInit:  - other features:
LogInit:      CURL_VERSION_SSL
LogInit:      CURL_VERSION_LIBZ
LogInit:      CURL_VERSION_IPV6
LogInit:      CURL_VERSION_ASYNCHDNS
LogInit:      CURL_VERSION_LARGEFILE
LogInit:      CURL_VERSION_IDN
LogInit:  CurlRequestOptions (configurable via config and command line):
LogInit:  - bVerifyPeer = false  - Libcurl will NOT verify peer certificate
LogInit:  - bUseHttpProxy = false  - Libcurl will NOT use HTTP proxy
LogInit:  - bDontReuseConnections = false  - Libcurl will reuse connections
LogInit:  - CertBundlePath = nullptr  - Libcurl will use whatever was configured at build time.
LogHMD: Can't find Oculus library dev build: is proper Runtime installed? Version: 1.12.0
LogHMD: GearVR: Emulating GearVR using Oculus Rift!
LogInit: Build: ++UE4+Release-4.16-CL-3561208
LogInit: Engine Version: 4.16.3-3561208+++UE4+Release-4.16
LogInit: Compatible Engine Version: 4.16.0-3452394+++UE4+Release-4.16
LogInit: Net CL: 3452394
LogDevObjectVersion: Number of dev versions registered: 16
LogDevObjectVersion:   Dev-Blueprints (B0D832E4-1F89-4F0D-ACCF-7EB736FD4AA2): 9
LogDevObjectVersion:   Dev-Build (E1C64328-A22C-4D53-A36C-8E866417BD8C): 0
LogDevObjectVersion:   Dev-Core (375EC13C-06E4-48FB-B500-84F0262A717E): 2
LogDevObjectVersion:   Dev-Editor (E4B068ED-F494-42E9-A231-DA0B2E46BB41): 17
LogDevObjectVersion:   Dev-Framework (CFFC743F-43B0-4480-9391-14DF171D2073): 23
LogDevObjectVersion:   Dev-Mobile (B02B49B5-BB20-44E9-A304-32B752E40360): 0
LogDevObjectVersion:   Dev-Networking (A4E4105C-59A1-49B5-A7C5-40C4547EDFEE): 0
LogDevObjectVersion:   Dev-Online (39C831C9-5AE6-47DC-9A44-9C173E1C8E7C): 0
LogDevObjectVersion:   Dev-Physics (78F01B33-EBEA-4F98-B9B4-84EACCB95AA2): 0
LogDevObjectVersion:   Dev-Platform (6631380F-2D4D-43E0-8009-CF276956A95A): 0
LogDevObjectVersion:   Dev-Rendering (12F88B9F-8875-4AFC-A67C-D90C383ABD29): 15
LogDevObjectVersion:   Dev-Sequencer (7B5AE74C-D270-4C10-A958-57980B212A5A): 4
LogDevObjectVersion:   Dev-VR (D7296918-1DD6-4BDD-9DE2-64A83CC13884): 0
LogDevObjectVersion:   Dev-LoadTimes (C2A15278-BFE7-4AFE-6C17-90FF531DF755): 1
LogDevObjectVersion:   Private-Geometry (6EACA3D4-40EC-4CC1-B786-8BED09428FC5): 1
LogDevObjectVersion:   Dev-AnimPhys (29E575DD-E0A3-4627-9D10-D276232CDCEA): 3
LogInit: Compiled (64-bit): Jul 28 2017 11:52:15
LogInit: Compiled with Visual C++: 19.00.24215.01
LogInit: Build Configuration: Development
LogInit: Branch Name: ++UE4+Release-4.16
LogInit: Command line:  
LogInit: Base directory: C:/Users/R201702346/Documents/CONNOR FILES/INTCON FINAL/WindowsNoEditor/Engine/Binaries/Win64/
LogInit: Installed Engine Build: 0
LogInit: Presizing for max 2097152 objects, including 0 objects not considered by GC, pre-allocating 0 bytes for permanent pool.
LogStreaming:Display: Async Loading initialized: Event Driven Loader: true, Async Loading Thread: false
LogInit: Object subsystem initialized
[2018.04.23-23.03.21:269][  0]LogInit: Selected Device Profile: [WindowsNoEditor]
[2018.04.23-23.03.21:269][  0]LogInit: Applying CVar settings loaded from the selected device profile: [WindowsNoEditor]
[2018.04.23-23.03.21:273][  0]LogInit: Computer: 9Q5PF42
[2018.04.23-23.03.21:273][  0]LogInit: User: R201702346
[2018.04.23-23.03.21:273][  0]LogInit: CPU Page size=4096, Cores=4
[2018.04.23-23.03.21:273][  0]LogInit: High frequency timer resolution =3.515637 MHz
[2018.04.23-23.03.21:273][  0]LogMemory: Memory total: Physical=15.9GB (16GB approx)
[2018.04.23-23.03.21:273][  0]LogMemory: Platform Memory Stats for WindowsNoEditor
[2018.04.23-23.03.21:273][  0]LogMemory: Process Physical Memory: 91.84 MB used, 91.84 MB peak
[2018.04.23-23.03.21:273][  0]LogMemory: Process Virtual Memory: 102.69 MB used, 102.69 MB peak
[2018.04.23-23.03.21:273][  0]LogMemory: Physical Memory: 6628.95 MB used,  9669.93 MB free, 16298.88 MB total
[2018.04.23-23.03.21:273][  0]LogMemory: Virtual Memory: 360.82 MB used,  9669.93 MB free, 134217728.00 MB total
[2018.04.23-23.03.21:344][  0]LogInit: Using OS detected language (en-US).
[2018.04.23-23.03.21:344][  0]LogInit: Using OS detected locale (en-AU).
[2018.04.23-23.03.21:345][  0]LogTextLocalizationManager: No specific localization for 'en-US' exists, so the 'en' localization will be used.
[2018.04.23-23.03.21:395][  0]LogD3D11RHI: D3D11 adapters:
[2018.04.23-23.03.21:431][  0]LogD3D11RHI:    0. 'AMD Radeon(TM) R9 270' (Feature Level 11_0)
[2018.04.23-23.03.21:431][  0]LogD3D11RHI:       2029/0/8149 MB DedicatedVideo/DedicatedSystem/SharedSystem, Outputs:1, VendorId:0x1002
[2018.04.23-23.03.21:436][  0]LogD3D11RHI:    1. 'Intel(R) HD Graphics 4600' (Feature Level 11_0)
[2018.04.23-23.03.21:436][  0]LogD3D11RHI:       112/0/2048 MB DedicatedVideo/DedicatedSystem/SharedSystem, Outputs:0, VendorId:0x8086
[2018.04.23-23.03.21:438][  0]LogD3D11RHI:    2. 'Microsoft Basic Render Driver' (Feature Level 11_0)
[2018.04.23-23.03.21:438][  0]LogD3D11RHI:       0/0/8149 MB DedicatedVideo/DedicatedSystem/SharedSystem, Outputs:0, VendorId:0x1414
[2018.04.23-23.03.21:438][  0]LogD3D11RHI: Chosen D3D11 Adapter: 0
[2018.04.23-23.03.21:444][  0]LogD3D11RHI: Creating new Direct3DDevice
[2018.04.23-23.03.21:444][  0]LogD3D11RHI:     GPU DeviceId: 0x6811 (for the marketing name, search the web for "GPU Device Id")
[2018.04.23-23.03.21:444][  0]LogWindows: EnumDisplayDevices:
[2018.04.23-23.03.21:444][  0]LogWindows:    0. 'AMD Radeon(TM) R9 270' (P:1 D:1)
[2018.04.23-23.03.21:445][  0]LogWindows:    1. 'AMD Radeon(TM) R9 270' (P:0 D:0)
[2018.04.23-23.03.21:445][  0]LogWindows:    2. 'AMD Radeon(TM) R9 270' (P:0 D:0)
[2018.04.23-23.03.21:445][  0]LogWindows:    3. 'AMD Radeon(TM) R9 270' (P:0 D:0)
[2018.04.23-23.03.21:445][  0]LogWindows:    4. 'AMD Radeon(TM) R9 270' (P:0 D:0)
[2018.04.23-23.03.21:445][  0]LogWindows:    5. 'AMD Radeon(TM) R9 270' (P:0 D:0)
[2018.04.23-23.03.21:445][  0]LogWindows:    6. 'Intel(R) HD Graphics 4600' (P:0 D:0)
[2018.04.23-23.03.21:445][  0]LogWindows:    7. 'Intel(R) HD Graphics 4600' (P:0 D:0)
[2018.04.23-23.03.21:446][  0]LogWindows:    8. 'Intel(R) HD Graphics 4600' (P:0 D:0)
[2018.04.23-23.03.21:446][  0]LogWindows: DebugString: GetVideoDriverDetailsInvalid PrimaryIsNotTheChoosenAdapter GetVideoDriverDetailsInvalid PrimaryIsNotTheChoosenAdapter GetVideoDriverDetailsInvalid PrimaryIsNotTheChoosenAdapter GetVideoDriverDetailsInvalid PrimaryIsNotTheChoosenAdapter GetVideoDriverDetailsInvalid PrimaryIsNotTheChoosenAdapter GetVideoDriverDetailsInvalid PrimaryIsNotTheChoosenAdapter GetVideoDriverDetailsInvalid PrimaryIsNotTheChoosenAdapter GetVideoDriverDetailsInvalid PrimaryIsNotTheChoosenAdapter GetVideoDriverDetailsInvalid PrimaryIsNotTheChoosenAdapter FoundDriverCount:0 
[2018.04.23-23.03.21:446][  0]LogD3D11RHI:     Adapter Name: AMD Radeon(TM) R9 270
[2018.04.23-23.03.21:446][  0]LogD3D11RHI:   Driver Version: Unknown (internal:Unknown, unified:Unknown)
[2018.04.23-23.03.21:446][  0]LogD3D11RHI:      Driver Date: Unknown
[2018.04.23-23.03.21:446][  0]LogRHI: Texture pool is 1361 MB (70% of 1945 MB)
[2018.04.23-23.03.21:509][  0]LogD3D11RHI: Async texture creation enabled
[2018.04.23-23.03.21:522][  0]LogD3D11RHI: GPU Timing Frequency: 27.000000 (Debug: 2 1)
[2018.04.23-23.03.21:530][  0]LogMaterial: Verifying Global Shaders for PCD3D_SM5
[2018.04.23-23.03.21:530][  0]LogSlate: Using Freetype 2.6.0
[2018.04.23-23.03.21:531][  0]LogSlate: SlateFontCache - WITH_FREETYPE: 1, WITH_HARFBUZZ: 1
[2018.04.23-23.03.21:531][  0]LogSlate: SlateFontCache - WITH_FREETYPE: 1, WITH_HARFBUZZ: 1
[2018.04.23-23.03.21:568][  0]LogAssetRegistry: FAssetRegistry took 0.0082 seconds to start up
[2018.04.23-23.03.21:643][  0]LogPackageLocalizationCache: Processed 4 localized package path(s) for 2 prioritized culture(s) in 0.003263 seconds
[2018.04.23-23.03.21:643][  0]LogPakFile: New pak file ../../../Migration_IntCon/Content/Paks/Migration_IntCon-WindowsNoEditor.pak added to pak precacher.
[2018.04.23-23.03.21:644][  0]LogInit: Selected Device Profile: [WindowsNoEditor]
[2018.04.23-23.03.21:652][  0]LogContentStreaming: Texture pool size is 1000.00 MB
[2018.04.23-23.03.21:686][  0]LogNetVersion: Migration_IntCon , NetCL: 3452394, EngineNetVer: 2, GameNetVer: 0 (Checksum: 3152170015)
[2018.04.23-23.03.21:726][  0]LogInit: WinSock: version 1.1 (2.2), MaxSocks=32767, MaxUdp=65467
[2018.04.23-23.03.21:750][  0]LogMoviePlayer: Initializing movie player
[2018.04.23-23.03.21:829][  0]LogAndroidPermission: UAndroidPermissionCallbackProxy::GetInstance
[2018.04.23-23.03.21:837][  0]LogUObjectArray: 29858 objects as part of root set at end of initial load.
[2018.04.23-23.03.21:837][  0]LogUObjectAllocator: 5964784 out of 0 bytes used by permanent object pool.
[2018.04.23-23.03.21:837][  0]LogUObjectArray: CloseDisregardForGC: 0/0 objects in disregard for GC pool
[2018.04.23-23.03.21:857][  0]LogEngine: Initializing Engine...
[2018.04.23-23.03.21:858][  0]LogHMD: Failed to initialize OpenVR with code 110
[2018.04.23-23.03.21:858][  0]LogHMD: GearVR starting with CPU: 2 GPU: 3 MinimumVsyncs: 1
[2018.04.23-23.03.23:112][  0]LogStreaming:Error: Couldn't find file for package /Script/Engine requested by async loading code. NameToLoad: /Script/Engine
[2018.04.23-23.03.23:171][  0]LogStats: UGameplayTagsManager::ConstructGameplayTagTree: Construct from data asset -  0.000 s
[2018.04.23-23.03.23:172][  0]LogStats: UGameplayTagsManager::ConstructGameplayTagTree: GameplayTagTreeChangedEvent.Broadcast -  0.000 s
[2018.04.23-23.03.23:203][  0]LogInit: XAudio2 using 'Realtek Digital Output (Realtek Audio)' : 2 channels at 48 kHz using 16 bits per sample (channel mask 0x3)
[2018.04.23-23.03.23:236][  0]LogInit: FAudioDevice initialized.
[2018.04.23-23.03.23:256][  0]LogInit: Texture streaming: Enabled
[2018.04.23-23.03.23:260][  0]LogInit:Display: Game Engine Initialized.
[2018.04.23-23.03.23:260][  0]LogInit:Display: Starting Game.
[2018.04.23-23.03.23:260][  0]LogNet: Browse: /Game/Maps/Menu_IntCon?Name=Player
[2018.04.23-23.03.23:260][  0]LogLoad: LoadMap: /Game/Maps/Menu_IntCon?Name=Player
[2018.04.23-23.03.23:272][  0]LogMemory: Platform Memory Stats for WindowsNoEditor
[2018.04.23-23.03.23:272][  0]LogMemory: Process Physical Memory: 192.02 MB used, 290.51 MB peak
[2018.04.23-23.03.23:272][  0]LogMemory: Process Virtual Memory: 308.34 MB used, 358.59 MB peak
[2018.04.23-23.03.23:272][  0]LogMemory: Physical Memory: 6726.45 MB used,  9572.44 MB free, 16298.88 MB total
[2018.04.23-23.03.23:272][  0]LogMemory: Virtual Memory: 751.31 MB used,  9572.44 MB free, 134217728.00 MB total
[2018.04.23-23.03.23:272][  0]LogMemory: 
[2018.04.23-23.03.23:272][  0]Allocator Stats for binned2: (not implemented)
[2018.04.23-23.03.23:275][  0]LogAIModule: Creating AISystem for world Menu_IntCon
[2018.04.23-23.03.23:275][  0]LogLoad: Game class is 'GameModeBase'
[2018.04.23-23.03.23:276][  0]LogWorld: Bringing World /Game/Maps/Menu_IntCon.Menu_IntCon up for play (max tick rate 0) at 2018.04.24-09.03.23
[2018.04.23-23.03.23:277][  0]LogWorld: Bringing up level for play took: 0.000336
[2018.04.23-23.03.23:277][  0]LogGameMode: FindPlayerStart: PATHS NOT DEFINED or NO PLAYERSTART with positive rating
[2018.04.23-23.03.23:278][  0]LogUMG:Display: Widget Class Wid_MainMenu_C - Loaded Fast Template.
[2018.04.23-23.03.23:279][  0]LogLoad: Took 0.018204 seconds to LoadMap(/Game/Maps/Menu_IntCon)
[2018.04.23-23.03.23:279][  0]LogSlate: Took 0.000129 seconds to synchronously load lazily loaded font '../../../Engine/Content/EngineFonts/Faces/RobotoBold.ufont' (160K)
[2018.04.23-23.03.23:325][  0]LogLoad: (Engine Initialization) Total time: 2.37 seconds
[2018.04.23-23.03.23:325][  0]LogExternalProfiler: Found external profiler: VSPerf
[2018.04.23-23.03.23:325][  0]LogExternalProfiler: Using external profiler: VSPerf
[2018.04.23-23.03.23:342][  0]LogOcInput: OculusInput pre-init called
[2018.04.23-23.03.23:343][  0]LogOcInput: Can't find Oculus library dev build: is proper Runtime installed? Version: 1.12.0
[2018.04.23-23.03.23:343][  0]LogHMD: Starting GearVRController plugin
[2018.04.23-23.03.23:377][  2]LogRenderer: Reallocating scene render targets to support 1920x1080 NumSamples 1 (Frame:1).
[2018.04.23-23.03.24:238][ 49]LogNet: Browse: /Game/IntConUpdate/Maps/Map_IntCon
[2018.04.23-23.03.24:238][ 49]LogLoad: LoadMap: /Game/IntConUpdate/Maps/Map_IntCon
[2018.04.23-23.03.24:247][ 49]LogMemory: Platform Memory Stats for WindowsNoEditor
[2018.04.23-23.03.24:247][ 49]LogMemory: Process Physical Memory: 212.67 MB used, 290.51 MB peak
[2018.04.23-23.03.24:247][ 49]LogMemory: Process Virtual Memory: 575.99 MB used, 578.61 MB peak
[2018.04.23-23.03.24:247][ 49]LogMemory: Physical Memory: 6747.02 MB used,  9551.86 MB free, 16298.88 MB total
[2018.04.23-23.03.24:247][ 49]LogMemory: Virtual Memory: 1071.25 MB used,  9551.86 MB free, 134217728.00 MB total
[2018.04.23-23.03.24:247][ 49]LogMemory: 
[2018.04.23-23.03.24:247][ 49]Allocator Stats for binned2: (not implemented)
[2018.04.23-23.03.24:277][ 49]LogAIModule: Creating AISystem for world Map_IntCon
[2018.04.23-23.03.24:278][ 49]LogLoad: Game class is 'GM_IntCon_C'
[2018.04.23-23.03.24:280][ 49]LogWorld: Bringing World /Game/IntConUpdate/Maps/Map_IntCon.Map_IntCon up for play (max tick rate 0) at 2018.04.24-09.03.24
[2018.04.23-23.03.24:280][ 49]LogWorld: Bringing up level for play took: 0.001124
[2018.04.23-23.03.24:282][ 49]LogLoad: Took 0.044552 seconds to LoadMap(/Game/IntConUpdate/Maps/Map_IntCon)
[2018.04.23-23.03.24:978][ 93]LogUMG:Display: Widget Class Wid_ScoreBoard_C - Loaded Fast Template.
[2018.04.23-23.03.24:979][ 93]LogBlueprintUserMessages:Warning: Time Dilation must be between 0.000100 and 20.000000.  Clamped value to that range.
[2018.04.23-23.03.24:981][ 93]LogSlate: Took 0.000137 seconds to synchronously load lazily loaded font '../../../Engine/Content/Slate/Fonts/Roboto-Regular.ttf' (155K)
[2018.04.23-23.03.24:981][ 93]LogUMG:Display: Widget Class Wid_PlayerHUD_C - Loaded Fast Template.
[2018.04.23-23.03.28:446][308]LogBlueprintUserMessages: [Wid_ScoreBoard_C_0] EditableTextBox_0
[2018.04.23-23.03.28:447][308]LogSlate: Took 0.000204 seconds to synchronously load lazily loaded font '../../../Engine/Content/EngineFonts/Faces/RobotoRegular.ufont' (155K)
[2018.04.23-23.03.37:235][852]Closing by request
[2018.04.23-23.03.37:235][852]LogWindows: FPlatformMisc::RequestExit(0)
[2018.04.23-23.03.38:108][853]LogSlate: Request Window 'Migration_IntCon (64-bit, PCD3D_SM5)' being destroyed
[2018.04.23-23.03.38:151][853]LogSlate: Window 'Migration_IntCon (64-bit, PCD3D_SM5)' being destroyed
[2018.04.23-23.03.38:154][853]LogWindowsTextInputMethodSystem:Display: IME system now deactivated.
[2018.04.23-23.03.38:180][853]LogExit: Preparing to exit.
[2018.04.23-23.03.38:180][853]LogMoviePlayer: Shutting down movie player
[2018.04.23-23.03.38:394][853]LogExit: Game engine shut down
[2018.04.23-23.03.38:492][853]LogObj: Freed 32b from 1 cluster array pools.
[2018.04.23-23.03.38:492][853]LogExit: Object subsystem successfully closed.
[2018.04.23-23.03.38:497][853]LogD3D11RHI: Shutdown
[2018.04.23-23.03.38:497][853]LogD3D11RHI: CleanupD3DDevice
[2018.04.23-23.03.38:517][853]LogD3D11RHI: ~FD3D11DynamicRHI
[2018.04.23-23.03.38:517][853]LogModuleManager: Shutting down and abandoning module AutomationController (156)
[2018.04.23-23.03.38:517][853]LogModuleManager: Shutting down and abandoning module AutomationWorker (154)
[2018.04.23-23.03.38:517][853]LogModuleManager: Shutting down and abandoning module AIModule (152)
[2018.04.23-23.03.38:517][853]LogModuleManager: Shutting down and abandoning module GameplayDebugger (151)
[2018.04.23-23.03.38:517][853]LogModuleManager: Shutting down and abandoning module WmfMediaFactory (148)
[2018.04.23-23.03.38:517][853]LogModuleManager: Shutting down and abandoning module AvfMediaFactory (146)
[2018.04.23-23.03.38:517][853]LogModuleManager: Shutting down and abandoning module AndroidMediaFactory (144)
[2018.04.23-23.03.38:517][853]LogModuleManager: Shutting down and abandoning module Media (143)
[2018.04.23-23.03.38:517][853]LogModuleManager: Shutting down and abandoning module CharacterAI (140)
[2018.04.23-23.03.38:517][853]LogModuleManager: Shutting down and abandoning module SessionServices (138)
[2018.04.23-23.03.38:517][853]LogModuleManager: Shutting down and abandoning module MovieSceneTracks (136)
[2018.04.23-23.03.38:517][853]LogModuleManager: Shutting down and abandoning module MovieScene (134)
[2018.04.23-23.03.38:517][853]LogModuleManager: Shutting down and abandoning module GeometryCache (132)
[2018.04.23-23.03.38:517][853]LogModuleManager: Shutting down and abandoning module Niagara (130)
[2018.04.23-23.03.38:517][853]LogModuleManager: Shutting down and abandoning module StreamingPauseRendering (128)
[2018.04.23-23.03.38:517][853]LogModuleManager: Shutting down and abandoning module AnalyticsET (126)
[2018.04.23-23.03.38:517][853]LogModuleManager: Shutting down and abandoning module ProfilerService (124)
[2018.04.23-23.03.38:617][853]LogModuleManager: Shutting down and abandoning module TaskGraph (122)
[2018.04.23-23.03.38:617][853]LogModuleManager: Shutting down and abandoning module HTML5Networking (118)
[2018.04.23-23.03.38:617][853]LogModuleManager: Shutting down and abandoning module SteamVRController (116)
[2018.04.23-23.03.38:617][853]LogModuleManager: Shutting down and abandoning module SteamVR (114)
[2018.04.23-23.03.38:617][853]LogModuleManager: Shutting down and abandoning module ProceduralMeshComponent (112)
[2018.04.23-23.03.38:617][853]LogModuleManager: Shutting down and abandoning module OculusLibrary (110)
[2018.04.23-23.03.38:617][853]LogModuleManager: Shutting down and abandoning module OculusInput (108)
[2018.04.23-23.03.38:617][853]LogModuleManager: Shutting down and abandoning module MobilePatchingUtils (106)
[2018.04.23-23.03.38:617][853]LogModuleManager: Shutting down and abandoning module CustomMeshComponent (104)
[2018.04.23-23.03.38:617][853]LogModuleManager: Shutting down and abandoning module CableComponent (102)
[2018.04.23-23.03.38:617][853]LogModuleManager: Shutting down and abandoning module ArchVisCharacter (100)
[2018.04.23-23.03.38:617][853]LogModuleManager: Shutting down and abandoning module AndroidPermission (98)
[2018.04.23-23.03.38:617][853]LogModuleManager: Shutting down and abandoning module UdpMessaging (96)
[2018.04.23-23.03.38:617][853]LogModuleManager: Shutting down and abandoning module TcpMessaging (94)
[2018.04.23-23.03.38:617][853]LogModuleManager: Shutting down and abandoning module FacialAnimation (92)
[2018.04.23-23.03.38:617][853]LogModuleManager: Shutting down and abandoning module LightPropagationVolumeRuntime (90)
[2018.04.23-23.03.38:617][853]LogModuleManager: Shutting down and abandoning module PhysXVehicles (88)
[2018.04.23-23.03.38:617][853]LogModuleManager: Shutting down and abandoning module LocationServicesBPLibrary (86)
[2018.04.23-23.03.38:617][853]LogModuleManager: Shutting down and abandoning module ImmediatePhysics (84)
[2018.04.23-23.03.38:617][853]LogModuleManager: Shutting down and abandoning module Paper2D (82)
[2018.04.23-23.03.38:617][853]LogModuleManager: Shutting down and abandoning module WmfMedia (80)
[2018.04.23-23.03.38:617][853]LogModuleManager: Shutting down and abandoning module WindowsMoviePlayer (78)
[2018.04.23-23.03.38:618][853]LogModuleManager: Shutting down and abandoning module ClothingSystemRuntime (76)
[2018.04.23-23.03.38:618][853]LogModuleManager: Shutting down and abandoning module MediaAssets (74)
[2018.04.23-23.03.38:618][853]LogModuleManager: Shutting down and abandoning module GameLiveStreaming (72)
[2018.04.23-23.03.38:618][853]LogModuleManager: Shutting down and abandoning module UMG (70)
[2018.04.23-23.03.38:618][853]LogModuleManager: Shutting down and abandoning module SlateReflector (68)
[2018.04.23-23.03.38:618][853]LogModuleManager: Shutting down and abandoning module Slate (66)
[2018.04.23-23.03.38:618][853]LogModuleManager: Shutting down and abandoning module Messaging (64)
[2018.04.23-23.03.38:618][853]LogModuleManager: Shutting down and abandoning module HeadMountedDisplay (62)
[2018.04.23-23.03.38:618][853]LogModuleManager: Shutting down and abandoning module XAudio2 (60)
[2018.04.23-23.03.38:618][853]LogModuleManager: Shutting down and abandoning module Networking (58)
[2018.04.23-23.03.38:618][853]LogModuleManager: Shutting down and abandoning module Core (54)
[2018.04.23-23.03.38:618][853]LogModuleManager: Shutting down and abandoning module LevelSequence (52)
[2018.04.23-23.03.38:618][853]LogModuleManager: Shutting down and abandoning module AssetRegistry (50)
[2018.04.23-23.03.38:618][853]LogModuleManager: Shutting down and abandoning module ImageWrapper (48)
[2018.04.23-23.03.38:618][853]LogModuleManager: Shutting down and abandoning module InputCore (46)
[2018.04.23-23.03.38:618][853]LogModuleManager: Shutting down and abandoning module OnlineSubsystem (42)
[2018.04.23-23.03.38:618][853]LogOnline:Display: Unloading online subsystem: NULL
[2018.04.23-23.03.38:618][853]LogModuleManager: Shutting down and abandoning module HTTP (41)
[2018.04.23-23.03.38:618][853]LogHttp:Display: Http module shutting down, but needs to wait on 1 outstanding Http requests:
[2018.04.23-23.03.38:618][853]LogHttp:Display: 	verb=[POST] url=[https://datarouter.ol.epicgames.com/datarouter/api/v1/public/data?SessionID=%7B89866ECB-4BD2-3DE1-D82A-3EBE17A11E3F%7D&AppID=UEGame.Rocket.Release%7CB33F4E7E4B7678020A01D9BB0E06B021%7CUE4Game&AppVersion=4.16.3-3561208%2B%2B%2BUE4%2BRelease-4.16&UserID=ANON-%7B47A22A0B-490C-44C2-D078-109B8FC6AFDC%7D%7C%7C&AppEnvironment=datacollector-binary&UploadType=eteventstream] status=Processing
[2018.04.23-23.03.38:618][853]LogHttp:Display: Sleeping 0.5s to wait for 1 outstanding Http requests.
[2018.04.23-23.03.39:119][853]LogHttp:Display: Sleeping 0.5s to wait for 1 outstanding Http requests.
[2018.04.23-23.03.39:629][853]LogModuleManager: Shutting down and abandoning module SSL (40)
[2018.04.23-23.03.39:629][853]LogModuleManager: Shutting down and abandoning module HTTPChunkInstaller (36)
[2018.04.23-23.03.39:629][853]LogModuleManager: Shutting down and abandoning module OculusRift (34)
[2018.04.23-23.03.39:629][853]LogModuleManager: Shutting down and abandoning module ExampleDeviceProfileSelector (32)
[2018.04.23-23.03.39:629][853]LogModuleManager: Shutting down and abandoning module GearVRController (30)
[2018.04.23-23.03.39:629][853]LogModuleManager: Shutting down and abandoning module GearVR (28)
[2018.04.23-23.03.39:629][853]LogModuleManager: Shutting down and abandoning module ShaderCore (26)
[2018.04.23-23.03.39:629][853]LogModuleManager: Shutting down and abandoning module Landscape (24)
[2018.04.23-23.03.39:629][853]LogModuleManager: Shutting down and abandoning module SlateRHIRenderer (22)
[2018.04.23-23.03.39:630][853]LogModuleManager: Shutting down and abandoning module OpenGLDrv (20)
[2018.04.23-23.03.39:630][853]LogModuleManager: Shutting down and abandoning module D3D11RHI (18)
[2018.04.23-23.03.39:630][853]LogModuleManager: Shutting down and abandoning module AnimGraphRuntime (16)
[2018.04.23-23.03.39:630][853]LogModuleManager: Shutting down and abandoning module Renderer (14)
[2018.04.23-23.03.39:630][853]LogModuleManager: Shutting down and abandoning module Engine (12)
[2018.04.23-23.03.39:630][853]LogModuleManager: Shutting down and abandoning module CoreUObject (10)
[2018.04.23-23.03.39:630][853]LogModuleManager: Shutting down and abandoning module NetworkFile (8)
[2018.04.23-23.03.39:630][853]LogModuleManager: Shutting down and abandoning module StreamingFile (6)
[2018.04.23-23.03.39:630][853]LogModuleManager: Shutting down and abandoning module SandboxFile (4)
[2018.04.23-23.03.39:630][853]LogModuleManager: Shutting down and abandoning module PakFile (2)
[2018.04.23-23.03.39:630][853]LogSlate: HittestGrid destroyed
[2018.04.23-23.03.39:630][853]LogSlate: HittestGrid destroyed
[2018.04.23-23.03.39:630][853]LogExit: Exiting.
[2018.04.23-23.03.39:631][853]Log file closed, 04/24/18 09:03:39
